TN:
SF:server.js
FN:9,start
FN:10,(anonymous_1)
FN:13,(anonymous_2)
FN:17,(anonymous_3)
FN:19,(anonymous_4)
FN:23,(anonymous_5)
FNF:6
FNH:3
FNDA:0,start
FNDA:0,(anonymous_1)
FNDA:1,(anonymous_2)
FNDA:1,(anonymous_3)
FNDA:0,(anonymous_4)
FNDA:1,(anonymous_5)
DA:3,1
DA:4,1
DA:6,1
DA:7,1
DA:10,0
DA:13,1
DA:14,1
DA:17,1
DA:18,1
DA:19,1
DA:20,0
DA:23,1
DA:24,1
DA:31,1
DA:32,1
DA:34,1
LF:16
LH:14
BRF:0
BRH:0
end_of_record
TN:
SF:handlers/404.js
FN:3,(anonymous_0)
FNF:1
FNH:1
FNDA:1,(anonymous_0)
DA:3,1
DA:4,1
LF:2
LH:2
BRF:0
BRH:0
end_of_record
TN:
SF:handlers/500.js
FN:3,(anonymous_0)
FNF:1
FNH:1
FNDA:1,(anonymous_0)
DA:3,1
DA:4,1
LF:2
LH:2
BRF:0
BRH:0
end_of_record
